<?xml version="1.0" encoding="UTF-8"?>
<testsuite xmlns:xsi="http://www.w3.org/2001/XMLSchema-instance" xsi:noNamespaceSchemaLocation="https://maven.apache.org/surefire/maven-surefire-plugin/xsd/surefire-test-report.xsd" name="LegalPersonTest" time="0.003" tests="4" errors="0" skipped="0" failures="3">
  <properties>
[...]
</properties>
  <testcase name="put" classname="LegalPersonTest" time="0">
    <failure message="Сумма на счете не соответствует ожидаемой ==&gt; expected: &lt;1.0&gt; but was: &lt;0.0&gt;" type="org.opentest4j.AssertionFailedError"><![CDATA[org.opentest4j.AssertionFailedError: Сумма на счете не соответствует ожидаемой ==> expected: <1.0> but was: <0.0>
	at LegalPersonTest.put(LegalPersonTest.java:23)
]]></failure>
  </testcase>
  <testcase name="take" classname="LegalPersonTest" time="0">
    <failure message="Сумма на счете не соответствует ожидаемой ==&gt; expected: &lt;0.99&gt; but was: &lt;0.0&gt;" type="org.opentest4j.AssertionFailedError"><![CDATA[org.opentest4j.AssertionFailedError: Сумма на счете не соответствует ожидаемой ==> expected: <0.99> but was: <0.0>
	at LegalPersonTest.take(LegalPersonTest.java:38)
]]></failure>
  </testcase>
  <testcase name="takeTooMuchMoney" classname="LegalPersonTest" time="0">
    <failure message="Сумма на счете не соответствует ожидаемой ==&gt; expected: &lt;1.0&gt; but was: &lt;0.0&gt;" type="org.opentest4j.AssertionFailedError"><![CDATA[org.opentest4j.AssertionFailedError: Сумма на счете не соответствует ожидаемой ==> expected: <1.0> but was: <0.0>
	at LegalPersonTest.takeTooMuchMoney(LegalPersonTest.java:46)
]]></failure>
  </testcase>
  <testcase name="putNegativeAmount" classname="LegalPersonTest" time="0"/>
</testsuite>